\BOOKMARK [1][-]{section*.1}{\376\377\000\315\000n\000d\000i\000c\000e}{}% 1
\BOOKMARK [1][-]{section.1}{\376\377\000I\000n\000t\000r\000o\000d\000u\000c\000c\000i\000\363\000n}{}% 2
\BOOKMARK [1][-]{section.2}{\376\377\000F\000u\000n\000d\000a\000m\000e\000n\000t\000o\000s\000\040\000T\000\351\000c\000n\000i\000c\000o\000s\000\040\000\050\000v\000e\000r\000s\000i\000\363\000n\000\040\000c\000o\000n\000s\000o\000l\000i\000d\000a\000d\000a\000\051}{}% 3
\BOOKMARK [1][-]{section.3}{\376\377\000M\000e\000t\000o\000d\000o\000l\000o\000g\000\355\000a}{}% 4
\BOOKMARK [2][-]{subsection.3.1}{\376\377\000E\000n\000f\000o\000q\000u\000e\000\040\000g\000e\000n\000e\000r\000a\000l}{section.3}% 5
\BOOKMARK [2][-]{subsection.3.2}{\376\377\000H\000e\000r\000r\000a\000m\000i\000e\000n\000t\000a\000s}{section.3}% 6
\BOOKMARK [1][-]{section.4}{\376\377\000C\000r\000i\000t\000e\000r\000i\000o\000s\000\040\000d\000e\000\040\000V\000a\000l\000i\000d\000a\000c\000i\000\363\000n\000\040\000y\000\040\000L\000\363\000g\000i\000c\000a\000\040\000d\000e\000l\000\040\000A\000n\000a\000l\000i\000z\000a\000d\000o\000r}{}% 7
\BOOKMARK [2][-]{subsection.4.1}{\376\377\000C\000o\000m\000p\000o\000n\000e\000n\000t\000e\000s\000\040\000d\000e\000l\000\040\000a\000n\000a\000l\000i\000z\000a\000d\000o\000r}{section.4}% 8
\BOOKMARK [2][-]{subsection.4.2}{\376\377\000P\000a\000r\000\341\000m\000e\000t\000r\000o\000s\000\040\000y\000\040\000v\000e\000r\000i\000f\000i\000c\000a\000c\000i\000o\000n\000e\000s\000\040\000q\000u\000e\000\040\000s\000e\000\040\000e\000v\000a\000l\000\372\000a\000n}{section.4}% 9
\BOOKMARK [2][-]{subsection.4.3}{\376\377\000D\000e\000f\000i\000n\000i\000c\000i\000o\000n\000e\000s\000\040\000u\000s\000a\000d\000a\000s\000\040\000p\000o\000r\000\040\000e\000l\000\040\000a\000n\000a\000l\000i\000z\000a\000d\000o\000r\000\040\000p\000a\000r\000a\000\040\000e\000s\000t\000a\000d\000o\000s}{section.4}% 10
\BOOKMARK [1][-]{section.5}{\376\377\000I\000n\000t\000e\000r\000p\000r\000e\000t\000a\000c\000i\000\363\000n\000\040\000d\000e\000\040\000R\000e\000s\000u\000l\000t\000a\000d\000o\000s\000\040\000a\000\040\000l\000a\000\040\000L\000u\000z\000\040\000d\000e\000\040\000l\000o\000s\000\040\000C\000r\000i\000t\000e\000r\000i\000o\000s}{}% 11
\BOOKMARK [1][-]{section.6}{\376\377\000T\000a\000b\000l\000a\000\040\000C\000o\000m\000p\000a\000r\000a\000t\000i\000v\000a\000\040\000C\000o\000m\000p\000l\000e\000t\000a\000\040\000d\000e\000\040\000D\000o\000m\000i\000n\000i\000o\000s\000\040\000A\000n\000a\000l\000i\000z\000a\000d\000o\000s}{}% 12
\BOOKMARK [1][-]{section.7}{\376\377\000A\000n\000\341\000l\000i\000s\000i\000s\000\040\000G\000e\000n\000e\000r\000a\000l\000\040\000d\000e\000\040\000R\000e\000s\000u\000l\000t\000a\000d\000o\000s}{}% 13
\BOOKMARK [2][-]{subsection.7.1}{\376\377\000A\000d\000o\000p\000c\000i\000\363\000n\000\040\000d\000e\000\040\000D\000N\000S\000S\000E\000C}{section.7}% 14
\BOOKMARK [2][-]{subsection.7.2}{\376\377\000C\000a\000d\000e\000n\000a\000\040\000d\000e\000\040\000c\000o\000n\000f\000i\000a\000n\000z\000a}{section.7}% 15
\BOOKMARK [2][-]{subsection.7.3}{\376\377\000C\000u\000m\000p\000l\000i\000m\000i\000e\000n\000t\000o\000\040\000R\000F\000C\000\040\000\050\000R\000F\000C\000\040\000S\000c\000o\000r\000e\000\051}{section.7}% 16
\BOOKMARK [2][-]{subsection.7.4}{\376\377\000C\000a\000s\000o\000s\000\040\000r\000e\000p\000r\000e\000s\000e\000n\000t\000a\000t\000i\000v\000o\000s}{section.7}% 17
\BOOKMARK [1][-]{section.8}{\376\377\000A\000n\000\341\000l\000i\000s\000i\000s\000\040\000S\000e\000c\000t\000o\000r\000i\000a\000l}{}% 18
\BOOKMARK [2][-]{subsection.8.1}{\376\377\000S\000e\000c\000t\000o\000r\000\040\000G\000u\000b\000e\000r\000n\000a\000m\000e\000n\000t\000a\000l\000\040\000\050\000.\000g\000o\000b\000.\000m\000x\000\051}{section.8}% 19
\BOOKMARK [2][-]{subsection.8.2}{\376\377\000S\000e\000c\000t\000o\000r\000\040\000E\000d\000u\000c\000a\000t\000i\000v\000o\000\040\000\050\000.\000m\000x\000\051}{section.8}% 20
\BOOKMARK [2][-]{subsection.8.3}{\376\377\000S\000e\000c\000t\000o\000r\000\040\000F\000i\000n\000a\000n\000c\000i\000e\000r\000o}{section.8}% 21
\BOOKMARK [2][-]{subsection.8.4}{\376\377\000S\000e\000c\000t\000o\000r\000\040\000C\000o\000m\000e\000r\000c\000i\000a\000l}{section.8}% 22
\BOOKMARK [1][-]{section.9}{\376\377\000C\000o\000n\000c\000l\000u\000s\000i\000o\000n\000e\000s\000\040\000G\000e\000n\000e\000r\000a\000l\000e\000s}{}% 23
\BOOKMARK [1][-]{section.10}{\376\377\000R\000e\000c\000o\000m\000e\000n\000d\000a\000c\000i\000o\000n\000e\000s\000\040\000T\000\351\000c\000n\000i\000c\000a\000s}{}% 24
\BOOKMARK [1][-]{section.11}{\376\377\000R\000e\000c\000o\000m\000e\000n\000d\000a\000c\000i\000o\000n\000e\000s\000\040\000E\000s\000p\000e\000c\000\355\000f\000i\000c\000a\000s}{}% 25
\BOOKMARK [2][-]{subsection.11.1}{\376\377\000P\000u\000b\000l\000i\000c\000a\000c\000i\000\363\000n\000\040\000d\000e\000l\000\040\000r\000e\000g\000i\000s\000t\000r\000o\000\040\000D\000S\000\040\000e\000n\000\040\000.\000M\000X}{section.11}% 26
\BOOKMARK [2][-]{subsection.11.2}{\376\377\000R\000o\000t\000a\000c\000i\000\363\000n\000\040\000y\000\040\000g\000e\000s\000t\000i\000\363\000n\000\040\000d\000e\000\040\000c\000l\000a\000v\000e\000s\000\040\000\050\000K\000S\000K\000\040\000y\000\040\000Z\000S\000K\000\051}{section.11}% 27
\BOOKMARK [2][-]{subsection.11.3}{\376\377\000V\000e\000r\000i\000f\000i\000c\000a\000c\000i\000\363\000n\000\040\000d\000e\000\040\000v\000i\000g\000e\000n\000c\000i\000a\000\040\000d\000e\000\040\000f\000i\000r\000m\000a\000s\000\040\000R\000R\000S\000I\000G}{section.11}% 28
\BOOKMARK [2][-]{subsection.11.4}{\376\377\000U\000s\000o\000\040\000a\000d\000e\000c\000u\000a\000d\000o\000\040\000d\000e\000\040\000N\000S\000E\000C\000\040\000o\000\040\000N\000S\000E\000C\0003}{section.11}% 29
\BOOKMARK [2][-]{subsection.11.5}{\376\377\000I\000m\000p\000l\000e\000m\000e\000n\000t\000a\000c\000i\000\363\000n\000\040\000d\000e\000\040\000v\000a\000l\000i\000d\000a\000c\000i\000\363\000n\000\040\000D\000N\000S\000S\000E\000C\000\040\000e\000n\000\040\000r\000e\000s\000o\000l\000v\000e\000r\000s\000\040\000i\000n\000t\000e\000r\000n\000o\000s}{section.11}% 30
\BOOKMARK [2][-]{subsection.11.6}{\376\377\000A\000u\000d\000i\000t\000o\000r\000\355\000a\000\040\000p\000e\000r\000i\000\363\000d\000i\000c\000a\000\040\000c\000o\000n\000\040\000h\000e\000r\000r\000a\000m\000i\000e\000n\000t\000a\000s\000\040\000a\000u\000t\000o\000m\000\341\000t\000i\000c\000a\000s}{section.11}% 31
\BOOKMARK [2][-]{subsection.11.7}{\376\377\000R\000e\000c\000o\000m\000e\000n\000d\000a\000c\000i\000o\000n\000e\000s\000\040\000e\000s\000p\000e\000c\000\355\000f\000i\000c\000a\000s\000\040\000p\000o\000r\000\040\000s\000e\000c\000t\000o\000r}{section.11}% 32
\BOOKMARK [1][-]{section.12}{\376\377\000A\000n\000e\000x\000o\000s}{}% 33
\BOOKMARK [2][-]{subsection.12.1}{\376\377\000C\000o\000m\000a\000n\000d\000o\000s\000\040\000u\000t\000i\000l\000i\000z\000a\000d\000o\000s\000\040\000p\000a\000r\000a\000\040\000l\000a\000\040\000v\000a\000l\000i\000d\000a\000c\000i\000\363\000n\000\040\000m\000a\000n\000u\000a\000l}{section.12}% 34
\BOOKMARK [2][-]{subsection.12.2}{\376\377\000E\000l\000e\000m\000e\000n\000t\000o\000s\000\040\000d\000e\000\040\000D\000N\000S\000S\000E\000C\000\040\000u\000t\000i\000l\000i\000z\000a\000d\000o\000s\000\040\000e\000n\000\040\000e\000l\000\040\000a\000n\000\341\000l\000i\000s\000i\000s}{section.12}% 35
\BOOKMARK [2][-]{subsection.12.3}{\376\377\000E\000j\000e\000m\000p\000l\000o\000\040\000d\000e\000\040\000s\000a\000l\000i\000d\000a\000\040\000d\000e\000\040\000D\000N\000S\000S\000E\000C\000\040\000c\000o\000r\000r\000e\000c\000t\000a}{section.12}% 36
\BOOKMARK [2][-]{subsection.12.4}{\376\377\000E\000j\000e\000m\000p\000l\000o\000\040\000d\000e\000\040\000c\000a\000d\000e\000n\000a\000\040\000i\000n\000c\000o\000m\000p\000l\000e\000t\000a}{section.12}% 37
\BOOKMARK [2][-]{subsection.12.5}{\376\377\000E\000j\000e\000m\000p\000l\000o\000\040\000d\000e\000\040\000d\000o\000m\000i\000n\000i\000o\000\040\000s\000i\000n\000\040\000D\000N\000S\000S\000E\000C}{section.12}% 38
\BOOKMARK [2][-]{subsection.12.6}{\376\377\000A\000r\000c\000h\000i\000v\000o\000s\000\040\000g\000e\000n\000e\000r\000a\000d\000o\000s\000\040\000p\000o\000r\000\040\000e\000l\000\040\000a\000n\000a\000l\000i\000z\000a\000d\000o\000r}{section.12}% 39
\BOOKMARK [2][-]{subsection.12.7}{\376\377\000F\000l\000u\000j\000o\000s\000\040\000d\000e\000\040\000v\000a\000l\000i\000d\000a\000c\000i\000\363\000n\000\040\000u\000t\000i\000l\000i\000z\000a\000d\000o\000s\000\040\000p\000o\000r\000\040\000e\000l\000\040\000a\000n\000a\000l\000i\000z\000a\000d\000o\000r}{section.12}% 40
\BOOKMARK [2][-]{subsection.12.8}{\376\377\000R\000e\000p\000r\000o\000d\000u\000c\000c\000i\000\363\000n\000\040\000c\000o\000m\000p\000l\000e\000t\000a\000\040\000d\000e\000l\000\040\000a\000n\000\341\000l\000i\000s\000i\000s}{section.12}% 41
\BOOKMARK [1][-]{section.13}{\376\377\000B\000i\000b\000l\000i\000o\000g\000r\000a\000f\000\355\000a}{}% 42
\BOOKMARK [2][-]{subsection.13.1}{\376\377\000R\000F\000C\000s\000\040\000\050\000R\000e\000q\000u\000e\000s\000t\000\040\000f\000o\000r\000\040\000C\000o\000m\000m\000e\000n\000t\000s\000\051}{section.13}% 43
\BOOKMARK [2][-]{subsection.13.2}{\376\377\000D\000o\000c\000u\000m\000e\000n\000t\000a\000c\000i\000\363\000n\000\040\000d\000e\000\040\000I\000C\000A\000N\000N\000\040\000y\000\040\000N\000I\000C\000\040\000M\000\351\000x\000i\000c\000o}{section.13}% 44
\BOOKMARK [2][-]{subsection.13.3}{\376\377\000H\000e\000r\000r\000a\000m\000i\000e\000n\000t\000a\000s\000\040\000y\000\040\000v\000a\000l\000i\000d\000a\000d\000o\000r\000e\000s\000\040\000u\000t\000i\000l\000i\000z\000a\000d\000o\000s}{section.13}% 45
\BOOKMARK [2][-]{subsection.13.4}{\376\377\000R\000e\000p\000o\000s\000i\000t\000o\000r\000i\000o\000s\000\040\000y\000\040\000c\000\363\000d\000i\000g\000o\000\040\000u\000t\000i\000l\000i\000z\000a\000d\000o}{section.13}% 46
\BOOKMARK [2][-]{subsection.13.5}{\376\377\000L\000i\000t\000e\000r\000a\000t\000u\000r\000a\000\040\000y\000\040\000f\000u\000e\000n\000t\000e\000s\000\040\000t\000\351\000c\000n\000i\000c\000a\000s\000\040\000a\000d\000i\000c\000i\000o\000n\000a\000l\000e\000s}{section.13}% 47
